{"C:\\Users\\jean.padilha\\Desktop\\ProvaRenan\\aula-base-teste-avaliacao-automacao\\index.js": {"path":"C:\\Users\\jean.padilha\\Desktop\\ProvaRenan\\aula-base-teste-avaliacao-automacao\\index.js","statementMap":{"0":{"start":{"line":1,"column":16},"end":{"line":1,"column":34}},"1":{"start":{"line":2,"column":17},"end":{"line":2,"column":42}},"2":{"start":{"line":3,"column":19},"end":{"line":3,"column":47}},"3":{"start":{"line":4,"column":27},"end":{"line":4,"column":63}},"4":{"start":{"line":5,"column":24},"end":{"line":5,"column":57}},"5":{"start":{"line":6,"column":23},"end":{"line":6,"column":64}},"6":{"start":{"line":7,"column":22},"end":{"line":7,"column":53}},"7":{"start":{"line":8,"column":16},"end":{"line":8,"column":41}},"8":{"start":{"line":10,"column":13},"end":{"line":10,"column":17}},"9":{"start":{"line":11,"column":12},"end":{"line":11,"column":21}},"10":{"start":{"line":13,"column":0},"end":{"line":13,"column":23}},"11":{"start":{"line":15,"column":0},"end":{"line":15,"column":40}},"12":{"start":{"line":17,"column":0},"end":{"line":17,"column":51}},"13":{"start":{"line":18,"column":0},"end":{"line":18,"column":35}},"14":{"start":{"line":19,"column":0},"end":{"line":19,"column":41}},"15":{"start":{"line":20,"column":0},"end":{"line":20,"column":45}},"16":{"start":{"line":21,"column":0},"end":{"line":21,"column":52}},"17":{"start":{"line":23,"column":0},"end":{"line":32,"column":6}},"18":{"start":{"line":26,"column":8},"end":{"line":28,"column":10}},"19":{"start":{"line":27,"column":12},"end":{"line":27,"column":61}},"20":{"start":{"line":31,"column":8},"end":{"line":31,"column":68}}},"fnMap":{"0":{"name":"(anonymous_0)","decl":{"start":{"line":25,"column":10},"end":{"line":25,"column":11}},"loc":{"start":{"line":25,"column":17},"end":{"line":29,"column":5}},"line":25},"1":{"name":"(anonymous_1)","decl":{"start":{"line":26,"column":25},"end":{"line":26,"column":26}},"loc":{"start":{"line":26,"column":31},"end":{"line":28,"column":9}},"line":26},"2":{"name":"(anonymous_2)","decl":{"start":{"line":30,"column":11},"end":{"line":30,"column":12}},"loc":{"start":{"line":30,"column":18},"end":{"line":32,"column":5}},"line":30}},"branchMap":{},"s":{"0":2,"1":2,"2":2,"3":2,"4":2,"5":2,"6":2,"7":2,"8":2,"9":2,"10":2,"11":2,"12":2,"13":2,"14":2,"15":2,"16":2,"17":2,"18":0,"19":0,"20":0},"f":{"0":0,"1":0,"2":0},"b":{},"_coverageSchema":"1a1c01bbd47fc00a2c39e90264f33305004495a9","hash":"5ed90e6074ed2b09efd1585d355f35ddf0e5f280"}
,"C:\\Users\\jean.padilha\\Desktop\\ProvaRenan\\aula-base-teste-avaliacao-automacao\\src\\database.js": {"path":"C:\\Users\\jean.padilha\\Desktop\\ProvaRenan\\aula-base-teste-avaliacao-automacao\\src\\database.js","statementMap":{"0":{"start":{"line":1,"column":22},"end":{"line":1,"column":42}},"1":{"start":{"line":2,"column":0},"end":{"line":2,"column":26}},"2":{"start":{"line":6,"column":8},"end":{"line":6,"column":19}},"3":{"start":{"line":10,"column":8},"end":{"line":16,"column":10}},"4":{"start":{"line":20,"column":0},"end":{"line":20,"column":31}}},"fnMap":{"0":{"name":"(anonymous_0)","decl":{"start":{"line":5,"column":4},"end":{"line":5,"column":5}},"loc":{"start":{"line":5,"column":18},"end":{"line":7,"column":5}},"line":5},"1":{"name":"(anonymous_1)","decl":{"start":{"line":9,"column":4},"end":{"line":9,"column":5}},"loc":{"start":{"line":9,"column":11},"end":{"line":17,"column":5}},"line":9}},"branchMap":{},"s":{"0":2,"1":2,"2":2,"3":2,"4":2},"f":{"0":2,"1":2},"b":{},"_coverageSchema":"1a1c01bbd47fc00a2c39e90264f33305004495a9","hash":"e67ba81d4c02be18a2d561195145dd4238bd1a7d"}
,"C:\\Users\\jean.padilha\\Desktop\\ProvaRenan\\aula-base-teste-avaliacao-automacao\\src\\api\\inventory.js": {"path":"C:\\Users\\jean.padilha\\Desktop\\ProvaRenan\\aula-base-teste-avaliacao-automacao\\src\\api\\inventory.js","statementMap":{"0":{"start":{"line":1,"column":25},"end":{"line":1,"column":56}},"1":{"start":{"line":6,"column":8},"end":{"line":14,"column":9}},"2":{"start":{"line":7,"column":35},"end":{"line":7,"column":61}},"3":{"start":{"line":8,"column":27},"end":{"line":8,"column":37}},"4":{"start":{"line":9,"column":30},"end":{"line":9,"column":81}},"5":{"start":{"line":11,"column":12},"end":{"line":11,"column":47}},"6":{"start":{"line":13,"column":12},"end":{"line":13,"column":56}},"7":{"start":{"line":18,"column":8},"end":{"line":25,"column":9}},"8":{"start":{"line":19,"column":35},"end":{"line":19,"column":61}},"9":{"start":{"line":20,"column":32},"end":{"line":20,"column":78}},"10":{"start":{"line":22,"column":12},"end":{"line":22,"column":49}},"11":{"start":{"line":24,"column":12},"end":{"line":24,"column":56}},"12":{"start":{"line":29,"column":8},"end":{"line":37,"column":9}},"13":{"start":{"line":30,"column":35},"end":{"line":30,"column":61}},"14":{"start":{"line":31,"column":29},"end":{"line":31,"column":37}},"15":{"start":{"line":32,"column":30},"end":{"line":32,"column":81}},"16":{"start":{"line":34,"column":12},"end":{"line":34,"column":47}},"17":{"start":{"line":36,"column":12},"end":{"line":36,"column":56}},"18":{"start":{"line":41,"column":8},"end":{"line":50,"column":9}},"19":{"start":{"line":42,"column":35},"end":{"line":42,"column":61}},"20":{"start":{"line":43,"column":27},"end":{"line":43,"column":37}},"21":{"start":{"line":44,"column":29},"end":{"line":44,"column":37}},"22":{"start":{"line":45,"column":30},"end":{"line":45,"column":85}},"23":{"start":{"line":47,"column":12},"end":{"line":47,"column":47}},"24":{"start":{"line":49,"column":12},"end":{"line":49,"column":56}},"25":{"start":{"line":54,"column":8},"end":{"line":62,"column":9}},"26":{"start":{"line":55,"column":35},"end":{"line":55,"column":61}},"27":{"start":{"line":56,"column":27},"end":{"line":56,"column":37}},"28":{"start":{"line":57,"column":30},"end":{"line":57,"column":79}},"29":{"start":{"line":59,"column":12},"end":{"line":59,"column":47}},"30":{"start":{"line":61,"column":12},"end":{"line":61,"column":56}},"31":{"start":{"line":66,"column":0},"end":{"line":66,"column":35}}},"fnMap":{"0":{"name":"(anonymous_0)","decl":{"start":{"line":5,"column":4},"end":{"line":5,"column":5}},"loc":{"start":{"line":5,"column":29},"end":{"line":15,"column":5}},"line":5},"1":{"name":"(anonymous_1)","decl":{"start":{"line":17,"column":4},"end":{"line":17,"column":5}},"loc":{"start":{"line":17,"column":28},"end":{"line":26,"column":5}},"line":17},"2":{"name":"(anonymous_2)","decl":{"start":{"line":28,"column":4},"end":{"line":28,"column":5}},"loc":{"start":{"line":28,"column":27},"end":{"line":38,"column":5}},"line":28},"3":{"name":"(anonymous_3)","decl":{"start":{"line":40,"column":4},"end":{"line":40,"column":5}},"loc":{"start":{"line":40,"column":27},"end":{"line":51,"column":5}},"line":40},"4":{"name":"(anonymous_4)","decl":{"start":{"line":53,"column":4},"end":{"line":53,"column":5}},"loc":{"start":{"line":53,"column":27},"end":{"line":63,"column":5}},"line":53}},"branchMap":{},"s":{"0":2,"1":0,"2":0,"3":0,"4":0,"5":0,"6":0,"7":0,"8":0,"9":0,"10":0,"11":0,"12":0,"13":0,"14":0,"15":0,"16":0,"17":0,"18":0,"19":0,"20":0,"21":0,"22":0,"23":0,"24":0,"25":0,"26":0,"27":0,"28":0,"29":0,"30":0,"31":2},"f":{"0":0,"1":0,"2":0,"3":0,"4":0},"b":{},"_coverageSchema":"1a1c01bbd47fc00a2c39e90264f33305004495a9","hash":"8a582e452278d4f15d6ed0b420e391ff28b3dc87"}
,"C:\\Users\\jean.padilha\\Desktop\\ProvaRenan\\aula-base-teste-avaliacao-automacao\\src\\api\\inventoryMovement.js": {"path":"C:\\Users\\jean.padilha\\Desktop\\ProvaRenan\\aula-base-teste-avaliacao-automacao\\src\\api\\inventoryMovement.js","statementMap":{"0":{"start":{"line":1,"column":33},"end":{"line":1,"column":72}},"1":{"start":{"line":6,"column":8},"end":{"line":13,"column":9}},"2":{"start":{"line":7,"column":40},"end":{"line":7,"column":50}},"3":{"start":{"line":8,"column":38},"end":{"line":8,"column":94}},"4":{"start":{"line":10,"column":12},"end":{"line":10,"column":55}},"5":{"start":{"line":12,"column":12},"end":{"line":12,"column":56}},"6":{"start":{"line":17,"column":8},"end":{"line":24,"column":9}},"7":{"start":{"line":18,"column":36},"end":{"line":18,"column":46}},"8":{"start":{"line":19,"column":39},"end":{"line":19,"column":90}},"9":{"start":{"line":21,"column":12},"end":{"line":21,"column":56}},"10":{"start":{"line":23,"column":12},"end":{"line":23,"column":56}},"11":{"start":{"line":28,"column":8},"end":{"line":39,"column":9}},"12":{"start":{"line":29,"column":27},"end":{"line":29,"column":41}},"13":{"start":{"line":30,"column":36},"end":{"line":30,"column":46}},"14":{"start":{"line":31,"column":48},"end":{"line":31,"column":56}},"15":{"start":{"line":32,"column":38},"end":{"line":34,"column":13}},"16":{"start":{"line":36,"column":12},"end":{"line":36,"column":55}},"17":{"start":{"line":38,"column":12},"end":{"line":38,"column":56}},"18":{"start":{"line":43,"column":8},"end":{"line":53,"column":9}},"19":{"start":{"line":44,"column":40},"end":{"line":44,"column":50}},"20":{"start":{"line":45,"column":37},"end":{"line":45,"column":45}},"21":{"start":{"line":46,"column":38},"end":{"line":48,"column":13}},"22":{"start":{"line":50,"column":12},"end":{"line":50,"column":55}},"23":{"start":{"line":52,"column":12},"end":{"line":52,"column":56}},"24":{"start":{"line":57,"column":8},"end":{"line":64,"column":9}},"25":{"start":{"line":58,"column":40},"end":{"line":58,"column":50}},"26":{"start":{"line":59,"column":38},"end":{"line":59,"column":92}},"27":{"start":{"line":61,"column":12},"end":{"line":61,"column":55}},"28":{"start":{"line":63,"column":12},"end":{"line":63,"column":56}},"29":{"start":{"line":68,"column":0},"end":{"line":68,"column":43}}},"fnMap":{"0":{"name":"(anonymous_0)","decl":{"start":{"line":5,"column":4},"end":{"line":5,"column":5}},"loc":{"start":{"line":5,"column":29},"end":{"line":14,"column":5}},"line":5},"1":{"name":"(anonymous_1)","decl":{"start":{"line":16,"column":4},"end":{"line":16,"column":5}},"loc":{"start":{"line":16,"column":28},"end":{"line":25,"column":5}},"line":16},"2":{"name":"(anonymous_2)","decl":{"start":{"line":27,"column":4},"end":{"line":27,"column":5}},"loc":{"start":{"line":27,"column":27},"end":{"line":40,"column":5}},"line":27},"3":{"name":"(anonymous_3)","decl":{"start":{"line":42,"column":4},"end":{"line":42,"column":5}},"loc":{"start":{"line":42,"column":27},"end":{"line":54,"column":5}},"line":42},"4":{"name":"(anonymous_4)","decl":{"start":{"line":56,"column":4},"end":{"line":56,"column":5}},"loc":{"start":{"line":56,"column":27},"end":{"line":65,"column":5}},"line":56}},"branchMap":{},"s":{"0":2,"1":0,"2":0,"3":0,"4":0,"5":0,"6":0,"7":0,"8":0,"9":0,"10":0,"11":0,"12":0,"13":0,"14":0,"15":0,"16":0,"17":0,"18":0,"19":0,"20":0,"21":0,"22":0,"23":0,"24":0,"25":0,"26":0,"27":0,"28":0,"29":2},"f":{"0":0,"1":0,"2":0,"3":0,"4":0},"b":{},"_coverageSchema":"1a1c01bbd47fc00a2c39e90264f33305004495a9","hash":"0d985cbc955c5be2a9bf1ec9aaa927ec53a38632"}
,"C:\\Users\\jean.padilha\\Desktop\\ProvaRenan\\aula-base-teste-avaliacao-automacao\\src\\api\\organization.js": {"path":"C:\\Users\\jean.padilha\\Desktop\\ProvaRenan\\aula-base-teste-avaliacao-automacao\\src\\api\\organization.js","statementMap":{"0":{"start":{"line":1,"column":28},"end":{"line":1,"column":62}},"1":{"start":{"line":6,"column":8},"end":{"line":13,"column":9}},"2":{"start":{"line":7,"column":27},"end":{"line":7,"column":37}},"3":{"start":{"line":8,"column":33},"end":{"line":8,"column":71}},"4":{"start":{"line":10,"column":12},"end":{"line":10,"column":50}},"5":{"start":{"line":12,"column":12},"end":{"line":12,"column":56}},"6":{"start":{"line":17,"column":8},"end":{"line":24,"column":9}},"7":{"start":{"line":18,"column":52},"end":{"line":18,"column":60}},"8":{"start":{"line":19,"column":33},"end":{"line":19,"column":94}},"9":{"start":{"line":21,"column":12},"end":{"line":21,"column":50}},"10":{"start":{"line":23,"column":12},"end":{"line":23,"column":56}},"11":{"start":{"line":28,"column":8},"end":{"line":36,"column":9}},"12":{"start":{"line":29,"column":27},"end":{"line":29,"column":37}},"13":{"start":{"line":30,"column":52},"end":{"line":30,"column":60}},"14":{"start":{"line":31,"column":33},"end":{"line":31,"column":98}},"15":{"start":{"line":33,"column":12},"end":{"line":33,"column":50}},"16":{"start":{"line":35,"column":12},"end":{"line":35,"column":56}},"17":{"start":{"line":40,"column":8},"end":{"line":47,"column":9}},"18":{"start":{"line":41,"column":27},"end":{"line":41,"column":37}},"19":{"start":{"line":42,"column":33},"end":{"line":42,"column":69}},"20":{"start":{"line":44,"column":12},"end":{"line":44,"column":50}},"21":{"start":{"line":46,"column":12},"end":{"line":46,"column":56}},"22":{"start":{"line":51,"column":0},"end":{"line":51,"column":38}}},"fnMap":{"0":{"name":"(anonymous_0)","decl":{"start":{"line":5,"column":4},"end":{"line":5,"column":5}},"loc":{"start":{"line":5,"column":29},"end":{"line":14,"column":5}},"line":5},"1":{"name":"(anonymous_1)","decl":{"start":{"line":16,"column":4},"end":{"line":16,"column":5}},"loc":{"start":{"line":16,"column":27},"end":{"line":25,"column":5}},"line":16},"2":{"name":"(anonymous_2)","decl":{"start":{"line":27,"column":4},"end":{"line":27,"column":5}},"loc":{"start":{"line":27,"column":27},"end":{"line":37,"column":5}},"line":27},"3":{"name":"(anonymous_3)","decl":{"start":{"line":39,"column":4},"end":{"line":39,"column":5}},"loc":{"start":{"line":39,"column":27},"end":{"line":48,"column":5}},"line":39}},"branchMap":{},"s":{"0":2,"1":0,"2":0,"3":0,"4":0,"5":0,"6":0,"7":0,"8":0,"9":0,"10":0,"11":0,"12":0,"13":0,"14":0,"15":0,"16":0,"17":0,"18":0,"19":0,"20":0,"21":0,"22":2},"f":{"0":0,"1":0,"2":0,"3":0},"b":{},"_coverageSchema":"1a1c01bbd47fc00a2c39e90264f33305004495a9","hash":"c9a4a63f853ce0c9d31eadc06bfab2356735cdac"}
,"C:\\Users\\jean.padilha\\Desktop\\ProvaRenan\\aula-base-teste-avaliacao-automacao\\src\\api\\product.js": {"path":"C:\\Users\\jean.padilha\\Desktop\\ProvaRenan\\aula-base-teste-avaliacao-automacao\\src\\api\\product.js","statementMap":{"0":{"start":{"line":1,"column":23},"end":{"line":1,"column":52}},"1":{"start":{"line":6,"column":8},"end":{"line":14,"column":9}},"2":{"start":{"line":7,"column":35},"end":{"line":7,"column":61}},"3":{"start":{"line":8,"column":27},"end":{"line":8,"column":37}},"4":{"start":{"line":9,"column":28},"end":{"line":9,"column":77}},"5":{"start":{"line":11,"column":12},"end":{"line":11,"column":45}},"6":{"start":{"line":13,"column":12},"end":{"line":13,"column":56}},"7":{"start":{"line":18,"column":8},"end":{"line":25,"column":9}},"8":{"start":{"line":19,"column":35},"end":{"line":19,"column":61}},"9":{"start":{"line":20,"column":29},"end":{"line":20,"column":73}},"10":{"start":{"line":22,"column":12},"end":{"line":22,"column":46}},"11":{"start":{"line":24,"column":12},"end":{"line":24,"column":56}},"12":{"start":{"line":29,"column":8},"end":{"line":37,"column":9}},"13":{"start":{"line":30,"column":35},"end":{"line":30,"column":61}},"14":{"start":{"line":31,"column":42},"end":{"line":31,"column":50}},"15":{"start":{"line":32,"column":28},"end":{"line":32,"column":90}},"16":{"start":{"line":34,"column":12},"end":{"line":34,"column":45}},"17":{"start":{"line":36,"column":12},"end":{"line":36,"column":56}},"18":{"start":{"line":41,"column":8},"end":{"line":51,"column":9}},"19":{"start":{"line":42,"column":35},"end":{"line":42,"column":61}},"20":{"start":{"line":43,"column":27},"end":{"line":43,"column":37}},"21":{"start":{"line":44,"column":42},"end":{"line":44,"column":50}},"22":{"start":{"line":45,"column":28},"end":{"line":45,"column":94}},"23":{"start":{"line":48,"column":12},"end":{"line":48,"column":45}},"24":{"start":{"line":50,"column":12},"end":{"line":50,"column":56}},"25":{"start":{"line":55,"column":8},"end":{"line":63,"column":9}},"26":{"start":{"line":56,"column":35},"end":{"line":56,"column":61}},"27":{"start":{"line":57,"column":27},"end":{"line":57,"column":37}},"28":{"start":{"line":58,"column":28},"end":{"line":58,"column":75}},"29":{"start":{"line":60,"column":12},"end":{"line":60,"column":45}},"30":{"start":{"line":62,"column":12},"end":{"line":62,"column":56}},"31":{"start":{"line":67,"column":0},"end":{"line":67,"column":33}}},"fnMap":{"0":{"name":"(anonymous_0)","decl":{"start":{"line":5,"column":4},"end":{"line":5,"column":5}},"loc":{"start":{"line":5,"column":29},"end":{"line":15,"column":5}},"line":5},"1":{"name":"(anonymous_1)","decl":{"start":{"line":17,"column":4},"end":{"line":17,"column":5}},"loc":{"start":{"line":17,"column":28},"end":{"line":26,"column":5}},"line":17},"2":{"name":"(anonymous_2)","decl":{"start":{"line":28,"column":4},"end":{"line":28,"column":5}},"loc":{"start":{"line":28,"column":27},"end":{"line":38,"column":5}},"line":28},"3":{"name":"(anonymous_3)","decl":{"start":{"line":40,"column":4},"end":{"line":40,"column":5}},"loc":{"start":{"line":40,"column":27},"end":{"line":52,"column":5}},"line":40},"4":{"name":"(anonymous_4)","decl":{"start":{"line":54,"column":4},"end":{"line":54,"column":5}},"loc":{"start":{"line":54,"column":27},"end":{"line":64,"column":5}},"line":54}},"branchMap":{},"s":{"0":2,"1":0,"2":0,"3":0,"4":0,"5":0,"6":0,"7":0,"8":0,"9":0,"10":0,"11":0,"12":0,"13":0,"14":0,"15":0,"16":0,"17":0,"18":0,"19":0,"20":0,"21":0,"22":0,"23":0,"24":0,"25":0,"26":0,"27":0,"28":0,"29":0,"30":0,"31":2},"f":{"0":0,"1":0,"2":0,"3":0,"4":0},"b":{},"_coverageSchema":"1a1c01bbd47fc00a2c39e90264f33305004495a9","hash":"eb76263261331706ff582431d441d98cddcfbb0e"}
,"C:\\Users\\jean.padilha\\Desktop\\ProvaRenan\\aula-base-teste-avaliacao-automacao\\src\\api\\user.js": {"path":"C:\\Users\\jean.padilha\\Desktop\\ProvaRenan\\aula-base-teste-avaliacao-automacao\\src\\api\\user.js","statementMap":{"0":{"start":{"line":1,"column":20},"end":{"line":1,"column":46}},"1":{"start":{"line":6,"column":8},"end":{"line":13,"column":9}},"2":{"start":{"line":7,"column":43},"end":{"line":7,"column":54}},"3":{"start":{"line":8,"column":25},"end":{"line":8,"column":71}},"4":{"start":{"line":10,"column":12},"end":{"line":10,"column":42}},"5":{"start":{"line":12,"column":12},"end":{"line":12,"column":56}},"6":{"start":{"line":17,"column":8},"end":{"line":24,"column":9}},"7":{"start":{"line":18,"column":35},"end":{"line":18,"column":61}},"8":{"start":{"line":19,"column":27},"end":{"line":19,"column":68}},"9":{"start":{"line":21,"column":12},"end":{"line":21,"column":43}},"10":{"start":{"line":23,"column":12},"end":{"line":23,"column":56}},"11":{"start":{"line":28,"column":8},"end":{"line":36,"column":9}},"12":{"start":{"line":29,"column":35},"end":{"line":29,"column":61}},"13":{"start":{"line":30,"column":52},"end":{"line":30,"column":60}},"14":{"start":{"line":31,"column":25},"end":{"line":31,"column":94}},"15":{"start":{"line":33,"column":12},"end":{"line":33,"column":42}},"16":{"start":{"line":35,"column":12},"end":{"line":35,"column":56}},"17":{"start":{"line":40,"column":8},"end":{"line":49,"column":9}},"18":{"start":{"line":41,"column":35},"end":{"line":41,"column":61}},"19":{"start":{"line":42,"column":23},"end":{"line":42,"column":54}},"20":{"start":{"line":43,"column":52},"end":{"line":43,"column":60}},"21":{"start":{"line":44,"column":25},"end":{"line":44,"column":98}},"22":{"start":{"line":46,"column":12},"end":{"line":46,"column":42}},"23":{"start":{"line":48,"column":12},"end":{"line":48,"column":56}},"24":{"start":{"line":53,"column":8},"end":{"line":61,"column":9}},"25":{"start":{"line":54,"column":35},"end":{"line":54,"column":61}},"26":{"start":{"line":55,"column":23},"end":{"line":55,"column":54}},"27":{"start":{"line":56,"column":25},"end":{"line":56,"column":69}},"28":{"start":{"line":58,"column":12},"end":{"line":58,"column":42}},"29":{"start":{"line":60,"column":12},"end":{"line":60,"column":56}},"30":{"start":{"line":65,"column":8},"end":{"line":72,"column":9}},"31":{"start":{"line":66,"column":40},"end":{"line":66,"column":48}},"32":{"start":{"line":67,"column":26},"end":{"line":67,"column":66}},"33":{"start":{"line":69,"column":12},"end":{"line":69,"column":43}},"34":{"start":{"line":71,"column":12},"end":{"line":71,"column":56}},"35":{"start":{"line":77,"column":0},"end":{"line":77,"column":30}}},"fnMap":{"0":{"name":"(anonymous_0)","decl":{"start":{"line":5,"column":4},"end":{"line":5,"column":5}},"loc":{"start":{"line":5,"column":29},"end":{"line":14,"column":5}},"line":5},"1":{"name":"(anonymous_1)","decl":{"start":{"line":16,"column":4},"end":{"line":16,"column":5}},"loc":{"start":{"line":16,"column":28},"end":{"line":25,"column":5}},"line":16},"2":{"name":"(anonymous_2)","decl":{"start":{"line":27,"column":4},"end":{"line":27,"column":5}},"loc":{"start":{"line":27,"column":27},"end":{"line":37,"column":5}},"line":27},"3":{"name":"(anonymous_3)","decl":{"start":{"line":39,"column":4},"end":{"line":39,"column":5}},"loc":{"start":{"line":39,"column":27},"end":{"line":50,"column":5}},"line":39},"4":{"name":"(anonymous_4)","decl":{"start":{"line":52,"column":4},"end":{"line":52,"column":5}},"loc":{"start":{"line":52,"column":27},"end":{"line":62,"column":5}},"line":52},"5":{"name":"(anonymous_5)","decl":{"start":{"line":64,"column":4},"end":{"line":64,"column":5}},"loc":{"start":{"line":64,"column":26},"end":{"line":73,"column":5}},"line":64}},"branchMap":{"0":{"loc":{"start":{"line":42,"column":23},"end":{"line":42,"column":54}},"type":"binary-expr","locations":[{"start":{"line":42,"column":23},"end":{"line":42,"column":36}},{"start":{"line":42,"column":40},"end":{"line":42,"column":54}}],"line":42},"1":{"loc":{"start":{"line":55,"column":23},"end":{"line":55,"column":54}},"type":"binary-expr","locations":[{"start":{"line":55,"column":23},"end":{"line":55,"column":36}},{"start":{"line":55,"column":40},"end":{"line":55,"column":54}}],"line":55}},"s":{"0":2,"1":0,"2":0,"3":0,"4":0,"5":0,"6":0,"7":0,"8":0,"9":0,"10":0,"11":0,"12":0,"13":0,"14":0,"15":0,"16":0,"17":0,"18":0,"19":0,"20":0,"21":0,"22":0,"23":0,"24":0,"25":0,"26":0,"27":0,"28":0,"29":0,"30":0,"31":0,"32":0,"33":0,"34":0,"35":2},"f":{"0":0,"1":0,"2":0,"3":0,"4":0,"5":0},"b":{"0":[0,0],"1":[0,0]},"_coverageSchema":"1a1c01bbd47fc00a2c39e90264f33305004495a9","hash":"015ef1bb9b13c0489ba2852c0bad63c358ed91a0"}
,"C:\\Users\\jean.padilha\\Desktop\\ProvaRenan\\aula-base-teste-avaliacao-automacao\\src\\fns\\generate-password.js": {"path":"C:\\Users\\jean.padilha\\Desktop\\ProvaRenan\\aula-base-teste-avaliacao-automacao\\src\\fns\\generate-password.js","statementMap":{"0":{"start":{"line":1,"column":15},"end":{"line":1,"column":32}},"1":{"start":{"line":4,"column":4},"end":{"line":4,"column":49}},"2":{"start":{"line":7,"column":0},"end":{"line":7,"column":33}}},"fnMap":{"0":{"name":"generatePassword","decl":{"start":{"line":3,"column":9},"end":{"line":3,"column":25}},"loc":{"start":{"line":3,"column":28},"end":{"line":5,"column":1}},"line":3}},"branchMap":{},"s":{"0":3,"1":4,"2":3},"f":{"0":4},"b":{},"_coverageSchema":"1a1c01bbd47fc00a2c39e90264f33305004495a9","hash":"072d6f5c5451c4d8dffd3e91d2bbe590284d77a2"}
,"C:\\Users\\jean.padilha\\Desktop\\ProvaRenan\\aula-base-teste-avaliacao-automacao\\src\\fns\\get-product-movements.js": {"path":"C:\\Users\\jean.padilha\\Desktop\\ProvaRenan\\aula-base-teste-avaliacao-automacao\\src\\fns\\get-product-movements.js","statementMap":{"0":{"start":{"line":2,"column":23},"end":{"line":2,"column":25}},"1":{"start":{"line":4,"column":4},"end":{"line":13,"column":6}},"2":{"start":{"line":5,"column":53},"end":{"line":5,"column":61}},"3":{"start":{"line":7,"column":8},"end":{"line":9,"column":9}},"4":{"start":{"line":8,"column":12},"end":{"line":8,"column":69}},"5":{"start":{"line":11,"column":29},"end":{"line":11,"column":61}},"6":{"start":{"line":12,"column":8},"end":{"line":12,"column":52}},"7":{"start":{"line":14,"column":21},"end":{"line":14,"column":46}},"8":{"start":{"line":16,"column":4},"end":{"line":16,"column":23}},"9":{"start":{"line":19,"column":0},"end":{"line":19,"column":36}}},"fnMap":{"0":{"name":"getProductMovements","decl":{"start":{"line":1,"column":9},"end":{"line":1,"column":28}},"loc":{"start":{"line":1,"column":40},"end":{"line":17,"column":1}},"line":1},"1":{"name":"(anonymous_1)","decl":{"start":{"line":4,"column":22},"end":{"line":4,"column":23}},"loc":{"start":{"line":4,"column":34},"end":{"line":13,"column":5}},"line":4}},"branchMap":{"0":{"loc":{"start":{"line":7,"column":8},"end":{"line":9,"column":9}},"type":"if","locations":[{"start":{"line":7,"column":8},"end":{"line":9,"column":9}},{"start":{},"end":{}}],"line":7},"1":{"loc":{"start":{"line":11,"column":29},"end":{"line":11,"column":61}},"type":"cond-expr","locations":[{"start":{"line":11,"column":45},"end":{"line":11,"column":51}},{"start":{"line":11,"column":54},"end":{"line":11,"column":61}}],"line":11}},"s":{"0":0,"1":0,"2":0,"3":0,"4":0,"5":0,"6":0,"7":0,"8":0,"9":2},"f":{"0":0,"1":0},"b":{"0":[0,0],"1":[0,0]},"_coverageSchema":"1a1c01bbd47fc00a2c39e90264f33305004495a9","hash":"512c586a73b314b3820507ae20242e68fd4e18a4"}
,"C:\\Users\\jean.padilha\\Desktop\\ProvaRenan\\aula-base-teste-avaliacao-automacao\\src\\middleware\\auth.js": {"path":"C:\\Users\\jean.padilha\\Desktop\\ProvaRenan\\aula-base-teste-avaliacao-automacao\\src\\middleware\\auth.js","statementMap":{"0":{"start":{"line":1,"column":0},"end":{"line":1,"column":26}},"1":{"start":{"line":2,"column":12},"end":{"line":2,"column":35}},"2":{"start":{"line":3,"column":13},"end":{"line":3,"column":39}},"3":{"start":{"line":5,"column":18},"end":{"line":5,"column":40}},"4":{"start":{"line":8,"column":4},"end":{"line":32,"column":5}},"5":{"start":{"line":9,"column":22},"end":{"line":9,"column":50}},"6":{"start":{"line":11,"column":8},"end":{"line":14,"column":9}},"7":{"start":{"line":12,"column":11},"end":{"line":12,"column":75}},"8":{"start":{"line":13,"column":11},"end":{"line":13,"column":17}},"9":{"start":{"line":16,"column":8},"end":{"line":31,"column":10}},"10":{"start":{"line":17,"column":12},"end":{"line":21,"column":13}},"11":{"start":{"line":18,"column":16},"end":{"line":18,"column":32}},"12":{"start":{"line":19,"column":16},"end":{"line":19,"column":80}},"13":{"start":{"line":20,"column":16},"end":{"line":20,"column":22}},"14":{"start":{"line":23,"column":27},"end":{"line":23,"column":70}},"15":{"start":{"line":24,"column":12},"end":{"line":27,"column":13}},"16":{"start":{"line":25,"column":16},"end":{"line":25,"column":81}},"17":{"start":{"line":26,"column":16},"end":{"line":26,"column":22}},"18":{"start":{"line":29,"column":12},"end":{"line":29,"column":33}},"19":{"start":{"line":30,"column":12},"end":{"line":30,"column":18}},"20":{"start":{"line":35,"column":0},"end":{"line":35,"column":31}}},"fnMap":{"0":{"name":"authMiddleware","decl":{"start":{"line":7,"column":9},"end":{"line":7,"column":23}},"loc":{"start":{"line":7,"column":30},"end":{"line":33,"column":1}},"line":7},"1":{"name":"(anonymous_1)","decl":{"start":{"line":8,"column":11},"end":{"line":8,"column":12}},"loc":{"start":{"line":8,"column":31},"end":{"line":32,"column":5}},"line":8},"2":{"name":"(anonymous_2)","decl":{"start":{"line":16,"column":37},"end":{"line":16,"column":38}},"loc":{"start":{"line":16,"column":61},"end":{"line":31,"column":9}},"line":16}},"branchMap":{"0":{"loc":{"start":{"line":11,"column":8},"end":{"line":14,"column":9}},"type":"if","locations":[{"start":{"line":11,"column":8},"end":{"line":14,"column":9}},{"start":{},"end":{}}],"line":11},"1":{"loc":{"start":{"line":17,"column":12},"end":{"line":21,"column":13}},"type":"if","locations":[{"start":{"line":17,"column":12},"end":{"line":21,"column":13}},{"start":{},"end":{}}],"line":17},"2":{"loc":{"start":{"line":24,"column":12},"end":{"line":27,"column":13}},"type":"if","locations":[{"start":{"line":24,"column":12},"end":{"line":27,"column":13}},{"start":{},"end":{}}],"line":24},"3":{"loc":{"start":{"line":24,"column":15},"end":{"line":24,"column":64}},"type":"binary-expr","locations":[{"start":{"line":24,"column":15},"end":{"line":24,"column":22}},{"start":{"line":24,"column":27},"end":{"line":24,"column":31}},{"start":{"line":24,"column":35},"end":{"line":24,"column":63}}],"line":24}},"s":{"0":2,"1":2,"2":2,"3":2,"4":52,"5":0,"6":0,"7":0,"8":0,"9":0,"10":0,"11":0,"12":0,"13":0,"14":0,"15":0,"16":0,"17":0,"18":0,"19":0,"20":2},"f":{"0":52,"1":0,"2":0},"b":{"0":[0,0],"1":[0,0],"2":[0,0],"3":[0,0,0]},"_coverageSchema":"1a1c01bbd47fc00a2c39e90264f33305004495a9","hash":"48c0d91659b05dbf747ef3a3fe90e75843bd963a"}
,"C:\\Users\\jean.padilha\\Desktop\\ProvaRenan\\aula-base-teste-avaliacao-automacao\\src\\model\\inventory.js": {"path":"C:\\Users\\jean.padilha\\Desktop\\ProvaRenan\\aula-base-teste-avaliacao-automacao\\src\\model\\inventory.js","statementMap":{"0":{"start":{"line":1,"column":17},"end":{"line":1,"column":39}},"1":{"start":{"line":2,"column":21},"end":{"line":2,"column":46}},"2":{"start":{"line":6,"column":8},"end":{"line":23,"column":10}},"3":{"start":{"line":25,"column":8},"end":{"line":27,"column":10}},"4":{"start":{"line":28,"column":8},"end":{"line":30,"column":10}},"5":{"start":{"line":34,"column":0},"end":{"line":34,"column":38}}},"fnMap":{"0":{"name":"(anonymous_0)","decl":{"start":{"line":5,"column":4},"end":{"line":5,"column":5}},"loc":{"start":{"line":5,"column":18},"end":{"line":31,"column":5}},"line":5}},"branchMap":{},"s":{"0":2,"1":2,"2":2,"3":2,"4":2,"5":2},"f":{"0":2},"b":{},"_coverageSchema":"1a1c01bbd47fc00a2c39e90264f33305004495a9","hash":"5c2fd8ca7320c8b44fde60c27f6f7fa928f8139f"}
,"C:\\Users\\jean.padilha\\Desktop\\ProvaRenan\\aula-base-teste-avaliacao-automacao\\src\\model\\inventoryMovement.js": {"path":"C:\\Users\\jean.padilha\\Desktop\\ProvaRenan\\aula-base-teste-avaliacao-automacao\\src\\model\\inventoryMovement.js","statementMap":{"0":{"start":{"line":1,"column":17},"end":{"line":1,"column":39}},"1":{"start":{"line":2,"column":18},"end":{"line":2,"column":40}},"2":{"start":{"line":3,"column":16},"end":{"line":3,"column":36}},"3":{"start":{"line":4,"column":13},"end":{"line":4,"column":30}},"4":{"start":{"line":8,"column":8},"end":{"line":43,"column":10}},"5":{"start":{"line":45,"column":8},"end":{"line":47,"column":10}},"6":{"start":{"line":48,"column":8},"end":{"line":50,"column":10}},"7":{"start":{"line":51,"column":8},"end":{"line":53,"column":10}},"8":{"start":{"line":54,"column":8},"end":{"line":56,"column":10}},"9":{"start":{"line":57,"column":8},"end":{"line":59,"column":10}},"10":{"start":{"line":60,"column":8},"end":{"line":62,"column":10}},"11":{"start":{"line":66,"column":0},"end":{"line":66,"column":46}}},"fnMap":{"0":{"name":"(anonymous_0)","decl":{"start":{"line":7,"column":4},"end":{"line":7,"column":5}},"loc":{"start":{"line":7,"column":18},"end":{"line":63,"column":5}},"line":7}},"branchMap":{},"s":{"0":2,"1":2,"2":2,"3":2,"4":2,"5":2,"6":2,"7":2,"8":2,"9":2,"10":2,"11":2},"f":{"0":2},"b":{},"_coverageSchema":"1a1c01bbd47fc00a2c39e90264f33305004495a9","hash":"f1f53f5fc79062b61e3471f8a34cdf8e85fd52e6"}
,"C:\\Users\\jean.padilha\\Desktop\\ProvaRenan\\aula-base-teste-avaliacao-automacao\\src\\model\\organization.js": {"path":"C:\\Users\\jean.padilha\\Desktop\\ProvaRenan\\aula-base-teste-avaliacao-automacao\\src\\model\\organization.js","statementMap":{"0":{"start":{"line":1,"column":17},"end":{"line":1,"column":39}},"1":{"start":{"line":5,"column":8},"end":{"line":28,"column":10}},"2":{"start":{"line":32,"column":0},"end":{"line":32,"column":41}}},"fnMap":{"0":{"name":"(anonymous_0)","decl":{"start":{"line":4,"column":4},"end":{"line":4,"column":5}},"loc":{"start":{"line":4,"column":18},"end":{"line":29,"column":5}},"line":4}},"branchMap":{},"s":{"0":2,"1":2,"2":2},"f":{"0":2},"b":{},"_coverageSchema":"1a1c01bbd47fc00a2c39e90264f33305004495a9","hash":"62b68d30adfca1d972979b5dc5a28cecabc35968"}
,"C:\\Users\\jean.padilha\\Desktop\\ProvaRenan\\aula-base-teste-avaliacao-automacao\\src\\model\\product.js": {"path":"C:\\Users\\jean.padilha\\Desktop\\ProvaRenan\\aula-base-teste-avaliacao-automacao\\src\\model\\product.js","statementMap":{"0":{"start":{"line":1,"column":17},"end":{"line":1,"column":39}},"1":{"start":{"line":2,"column":21},"end":{"line":2,"column":46}},"2":{"start":{"line":6,"column":8},"end":{"line":27,"column":10}},"3":{"start":{"line":29,"column":8},"end":{"line":31,"column":10}},"4":{"start":{"line":32,"column":8},"end":{"line":34,"column":10}},"5":{"start":{"line":38,"column":0},"end":{"line":38,"column":36}}},"fnMap":{"0":{"name":"(anonymous_0)","decl":{"start":{"line":5,"column":4},"end":{"line":5,"column":5}},"loc":{"start":{"line":5,"column":18},"end":{"line":35,"column":5}},"line":5}},"branchMap":{},"s":{"0":2,"1":2,"2":2,"3":2,"4":2,"5":2},"f":{"0":2},"b":{},"_coverageSchema":"1a1c01bbd47fc00a2c39e90264f33305004495a9","hash":"5f3c3747468cd58989926eef5cc684703486e530"}
,"C:\\Users\\jean.padilha\\Desktop\\ProvaRenan\\aula-base-teste-avaliacao-automacao\\src\\model\\user.js": {"path":"C:\\Users\\jean.padilha\\Desktop\\ProvaRenan\\aula-base-teste-avaliacao-automacao\\src\\model\\user.js","statementMap":{"0":{"start":{"line":1,"column":17},"end":{"line":1,"column":39}},"1":{"start":{"line":2,"column":21},"end":{"line":2,"column":46}},"2":{"start":{"line":6,"column":8},"end":{"line":36,"column":10}},"3":{"start":{"line":38,"column":8},"end":{"line":40,"column":10}},"4":{"start":{"line":41,"column":8},"end":{"line":43,"column":10}},"5":{"start":{"line":47,"column":0},"end":{"line":47,"column":33}}},"fnMap":{"0":{"name":"(anonymous_0)","decl":{"start":{"line":5,"column":4},"end":{"line":5,"column":5}},"loc":{"start":{"line":5,"column":18},"end":{"line":44,"column":5}},"line":5}},"branchMap":{},"s":{"0":2,"1":2,"2":2,"3":2,"4":2,"5":2},"f":{"0":2},"b":{},"_coverageSchema":"1a1c01bbd47fc00a2c39e90264f33305004495a9","hash":"5defa83e55cb84edf731ee0a23564ca7e2609db0"}
,"C:\\Users\\jean.padilha\\Desktop\\ProvaRenan\\aula-base-teste-avaliacao-automacao\\src\\routes\\inventory.js": {"path":"C:\\Users\\jean.padilha\\Desktop\\ProvaRenan\\aula-base-teste-avaliacao-automacao\\src\\routes\\inventory.js","statementMap":{"0":{"start":{"line":1,"column":16},"end":{"line":1,"column":34}},"1":{"start":{"line":2,"column":21},"end":{"line":2,"column":48}},"2":{"start":{"line":3,"column":23},"end":{"line":3,"column":52}},"3":{"start":{"line":5,"column":24},"end":{"line":5,"column":40}},"4":{"start":{"line":7,"column":0},"end":{"line":7,"column":64}},"5":{"start":{"line":8,"column":0},"end":{"line":8,"column":68}},"6":{"start":{"line":9,"column":0},"end":{"line":9,"column":64}},"7":{"start":{"line":10,"column":0},"end":{"line":10,"column":66}},"8":{"start":{"line":11,"column":0},"end":{"line":11,"column":69}},"9":{"start":{"line":13,"column":0},"end":{"line":13,"column":32}}},"fnMap":{},"branchMap":{},"s":{"0":2,"1":2,"2":2,"3":2,"4":2,"5":2,"6":2,"7":2,"8":2,"9":2},"f":{},"b":{},"_coverageSchema":"1a1c01bbd47fc00a2c39e90264f33305004495a9","hash":"65d18e322adcc57c3091776e75d1ab53a054b85d"}
,"C:\\Users\\jean.padilha\\Desktop\\ProvaRenan\\aula-base-teste-avaliacao-automacao\\src\\routes\\inventoryMovement.js": {"path":"C:\\Users\\jean.padilha\\Desktop\\ProvaRenan\\aula-base-teste-avaliacao-automacao\\src\\routes\\inventoryMovement.js","statementMap":{"0":{"start":{"line":1,"column":16},"end":{"line":1,"column":34}},"1":{"start":{"line":2,"column":26},"end":{"line":2,"column":61}},"2":{"start":{"line":3,"column":23},"end":{"line":3,"column":52}},"3":{"start":{"line":5,"column":23},"end":{"line":5,"column":39}},"4":{"start":{"line":7,"column":0},"end":{"line":7,"column":81}},"5":{"start":{"line":8,"column":0},"end":{"line":8,"column":85}},"6":{"start":{"line":9,"column":0},"end":{"line":9,"column":81}},"7":{"start":{"line":10,"column":0},"end":{"line":10,"column":83}},"8":{"start":{"line":11,"column":0},"end":{"line":11,"column":86}},"9":{"start":{"line":13,"column":0},"end":{"line":13,"column":31}}},"fnMap":{},"branchMap":{},"s":{"0":2,"1":2,"2":2,"3":2,"4":2,"5":2,"6":2,"7":2,"8":2,"9":2},"f":{},"b":{},"_coverageSchema":"1a1c01bbd47fc00a2c39e90264f33305004495a9","hash":"6ddcb4b67008a287748e57fbb16eff48609599f1"}
,"C:\\Users\\jean.padilha\\Desktop\\ProvaRenan\\aula-base-teste-avaliacao-automacao\\src\\routes\\organization.js": {"path":"C:\\Users\\jean.padilha\\Desktop\\ProvaRenan\\aula-base-teste-avaliacao-automacao\\src\\routes\\organization.js","statementMap":{"0":{"start":{"line":1,"column":16},"end":{"line":1,"column":34}},"1":{"start":{"line":2,"column":24},"end":{"line":2,"column":54}},"2":{"start":{"line":3,"column":23},"end":{"line":3,"column":52}},"3":{"start":{"line":5,"column":27},"end":{"line":5,"column":43}},"4":{"start":{"line":7,"column":0},"end":{"line":7,"column":81}},"5":{"start":{"line":8,"column":0},"end":{"line":8,"column":52}},"6":{"start":{"line":9,"column":0},"end":{"line":9,"column":79}},"7":{"start":{"line":10,"column":0},"end":{"line":10,"column":82}},"8":{"start":{"line":12,"column":0},"end":{"line":12,"column":35}}},"fnMap":{},"branchMap":{},"s":{"0":2,"1":2,"2":2,"3":2,"4":2,"5":2,"6":2,"7":2,"8":2},"f":{},"b":{},"_coverageSchema":"1a1c01bbd47fc00a2c39e90264f33305004495a9","hash":"093443a46081508e3bfc454b3e4c5e4a866ecd58"}
,"C:\\Users\\jean.padilha\\Desktop\\ProvaRenan\\aula-base-teste-avaliacao-automacao\\src\\routes\\product.js": {"path":"C:\\Users\\jean.padilha\\Desktop\\ProvaRenan\\aula-base-teste-avaliacao-automacao\\src\\routes\\product.js","statementMap":{"0":{"start":{"line":1,"column":16},"end":{"line":1,"column":34}},"1":{"start":{"line":2,"column":19},"end":{"line":2,"column":44}},"2":{"start":{"line":3,"column":23},"end":{"line":3,"column":52}},"3":{"start":{"line":5,"column":22},"end":{"line":5,"column":38}},"4":{"start":{"line":7,"column":0},"end":{"line":7,"column":60}},"5":{"start":{"line":8,"column":0},"end":{"line":8,"column":64}},"6":{"start":{"line":9,"column":0},"end":{"line":9,"column":60}},"7":{"start":{"line":10,"column":0},"end":{"line":10,"column":62}},"8":{"start":{"line":11,"column":0},"end":{"line":11,"column":65}},"9":{"start":{"line":13,"column":0},"end":{"line":13,"column":30}}},"fnMap":{},"branchMap":{},"s":{"0":2,"1":2,"2":2,"3":2,"4":2,"5":2,"6":2,"7":2,"8":2,"9":2},"f":{},"b":{},"_coverageSchema":"1a1c01bbd47fc00a2c39e90264f33305004495a9","hash":"e46d22d9c6c82945840604b8b7217d6de3f303f6"}
,"C:\\Users\\jean.padilha\\Desktop\\ProvaRenan\\aula-base-teste-avaliacao-automacao\\src\\routes\\user.js": {"path":"C:\\Users\\jean.padilha\\Desktop\\ProvaRenan\\aula-base-teste-avaliacao-automacao\\src\\routes\\user.js","statementMap":{"0":{"start":{"line":1,"column":16},"end":{"line":1,"column":34}},"1":{"start":{"line":2,"column":16},"end":{"line":2,"column":38}},"2":{"start":{"line":3,"column":23},"end":{"line":3,"column":52}},"3":{"start":{"line":5,"column":19},"end":{"line":5,"column":35}},"4":{"start":{"line":8,"column":0},"end":{"line":8,"column":59}},"5":{"start":{"line":9,"column":0},"end":{"line":9,"column":53}},"6":{"start":{"line":10,"column":0},"end":{"line":10,"column":56}},"7":{"start":{"line":13,"column":0},"end":{"line":13,"column":61}},"8":{"start":{"line":14,"column":0},"end":{"line":14,"column":61}},"9":{"start":{"line":15,"column":0},"end":{"line":15,"column":65}},"10":{"start":{"line":16,"column":0},"end":{"line":16,"column":63}},"11":{"start":{"line":17,"column":0},"end":{"line":17,"column":66}},"12":{"start":{"line":20,"column":0},"end":{"line":20,"column":27}}},"fnMap":{},"branchMap":{},"s":{"0":2,"1":2,"2":2,"3":2,"4":2,"5":2,"6":2,"7":2,"8":2,"9":2,"10":2,"11":2,"12":2},"f":{},"b":{},"_coverageSchema":"1a1c01bbd47fc00a2c39e90264f33305004495a9","hash":"8816eb58881ff2860ed279fe78713470b96e7620"}
,"C:\\Users\\jean.padilha\\Desktop\\ProvaRenan\\aula-base-teste-avaliacao-automacao\\src\\service\\inventory.js": {"path":"C:\\Users\\jean.padilha\\Desktop\\ProvaRenan\\aula-base-teste-avaliacao-automacao\\src\\service\\inventory.js","statementMap":{"0":{"start":{"line":1,"column":28},"end":{"line":1,"column":67}},"1":{"start":{"line":2,"column":23},"end":{"line":2,"column":52}},"2":{"start":{"line":3,"column":26},"end":{"line":3,"column":56}},"3":{"start":{"line":7,"column":26},"end":{"line":10,"column":9}},"4":{"start":{"line":12,"column":8},"end":{"line":14,"column":9}},"5":{"start":{"line":13,"column":12},"end":{"line":13,"column":53}},"6":{"start":{"line":16,"column":26},"end":{"line":16,"column":71}},"7":{"start":{"line":18,"column":23},"end":{"line":18,"column":53}},"8":{"start":{"line":20,"column":8},"end":{"line":20,"column":53}},"9":{"start":{"line":24,"column":8},"end":{"line":27,"column":9}},"10":{"start":{"line":31,"column":8},"end":{"line":35,"column":9}},"11":{"start":{"line":32,"column":12},"end":{"line":32,"column":68}},"12":{"start":{"line":33,"column":15},"end":{"line":35,"column":9}},"13":{"start":{"line":34,"column":12},"end":{"line":34,"column":58}},"14":{"start":{"line":37,"column":8},"end":{"line":40,"column":9}},"15":{"start":{"line":44,"column":29},"end":{"line":47,"column":9}},"16":{"start":{"line":49,"column":8},"end":{"line":51,"column":9}},"17":{"start":{"line":50,"column":12},"end":{"line":50,"column":57}},"18":{"start":{"line":52,"column":8},"end":{"line":52,"column":53}},"19":{"start":{"line":54,"column":8},"end":{"line":54,"column":49}},"20":{"start":{"line":58,"column":29},"end":{"line":61,"column":9}},"21":{"start":{"line":63,"column":8},"end":{"line":65,"column":9}},"22":{"start":{"line":64,"column":12},"end":{"line":64,"column":57}},"23":{"start":{"line":67,"column":8},"end":{"line":67,"column":51}},"24":{"start":{"line":72,"column":0},"end":{"line":72,"column":39}}},"fnMap":{"0":{"name":"(anonymous_0)","decl":{"start":{"line":6,"column":4},"end":{"line":6,"column":5}},"loc":{"start":{"line":6,"column":51},"end":{"line":21,"column":5}},"line":6},"1":{"name":"(anonymous_1)","decl":{"start":{"line":23,"column":4},"end":{"line":23,"column":5}},"loc":{"start":{"line":23,"column":46},"end":{"line":28,"column":5}},"line":23},"2":{"name":"(anonymous_2)","decl":{"start":{"line":30,"column":4},"end":{"line":30,"column":5}},"loc":{"start":{"line":30,"column":51},"end":{"line":41,"column":5}},"line":30},"3":{"name":"(anonymous_3)","decl":{"start":{"line":43,"column":4},"end":{"line":43,"column":5}},"loc":{"start":{"line":43,"column":55},"end":{"line":55,"column":5}},"line":43},"4":{"name":"(anonymous_4)","decl":{"start":{"line":57,"column":4},"end":{"line":57,"column":5}},"loc":{"start":{"line":57,"column":49},"end":{"line":68,"column":5}},"line":57}},"branchMap":{"0":{"loc":{"start":{"line":12,"column":8},"end":{"line":14,"column":9}},"type":"if","locations":[{"start":{"line":12,"column":8},"end":{"line":14,"column":9}},{"start":{},"end":{}}],"line":12},"1":{"loc":{"start":{"line":31,"column":8},"end":{"line":35,"column":9}},"type":"if","locations":[{"start":{"line":31,"column":8},"end":{"line":35,"column":9}},{"start":{"line":33,"column":15},"end":{"line":35,"column":9}}],"line":31},"2":{"loc":{"start":{"line":33,"column":15},"end":{"line":35,"column":9}},"type":"if","locations":[{"start":{"line":33,"column":15},"end":{"line":35,"column":9}},{"start":{},"end":{}}],"line":33},"3":{"loc":{"start":{"line":49,"column":8},"end":{"line":51,"column":9}},"type":"if","locations":[{"start":{"line":49,"column":8},"end":{"line":51,"column":9}},{"start":{},"end":{}}],"line":49},"4":{"loc":{"start":{"line":52,"column":28},"end":{"line":52,"column":53}},"type":"binary-expr","locations":[{"start":{"line":52,"column":28},"end":{"line":52,"column":32}},{"start":{"line":52,"column":36},"end":{"line":52,"column":53}}],"line":52},"5":{"loc":{"start":{"line":63,"column":8},"end":{"line":65,"column":9}},"type":"if","locations":[{"start":{"line":63,"column":8},"end":{"line":65,"column":9}},{"start":{},"end":{}}],"line":63}},"s":{"0":2,"1":2,"2":2,"3":0,"4":0,"5":0,"6":0,"7":0,"8":0,"9":0,"10":0,"11":0,"12":0,"13":0,"14":0,"15":0,"16":0,"17":0,"18":0,"19":0,"20":0,"21":0,"22":0,"23":0,"24":2},"f":{"0":0,"1":0,"2":0,"3":0,"4":0},"b":{"0":[0,0],"1":[0,0],"2":[0,0],"3":[0,0],"4":[0,0],"5":[0,0]},"_coverageSchema":"1a1c01bbd47fc00a2c39e90264f33305004495a9","hash":"beeecf78eb5a61821e00322d4dc14ea6c289c0ed"}
,"C:\\Users\\jean.padilha\\Desktop\\ProvaRenan\\aula-base-teste-avaliacao-automacao\\src\\service\\inventoryMovement.js": {"path":"C:\\Users\\jean.padilha\\Desktop\\ProvaRenan\\aula-base-teste-avaliacao-automacao\\src\\service\\inventoryMovement.js","statementMap":{"0":{"start":{"line":1,"column":31},"end":{"line":1,"column":68}},"1":{"start":{"line":2,"column":16},"end":{"line":2,"column":43}},"2":{"start":{"line":4,"column":22},"end":{"line":4,"column":35}},"3":{"start":{"line":8,"column":8},"end":{"line":11,"column":9}},"4":{"start":{"line":15,"column":8},"end":{"line":18,"column":9}},"5":{"start":{"line":22,"column":8},"end":{"line":32,"column":9}},"6":{"start":{"line":23,"column":12},"end":{"line":23,"column":65}},"7":{"start":{"line":24,"column":15},"end":{"line":32,"column":9}},"8":{"start":{"line":25,"column":12},"end":{"line":25,"column":60}},"9":{"start":{"line":26,"column":15},"end":{"line":32,"column":9}},"10":{"start":{"line":27,"column":12},"end":{"line":27,"column":87}},"11":{"start":{"line":28,"column":15},"end":{"line":32,"column":9}},"12":{"start":{"line":29,"column":12},"end":{"line":29,"column":64}},"13":{"start":{"line":30,"column":15},"end":{"line":32,"column":9}},"14":{"start":{"line":31,"column":12},"end":{"line":31,"column":61}},"15":{"start":{"line":34,"column":8},"end":{"line":37,"column":9}},"16":{"start":{"line":41,"column":37},"end":{"line":41,"column":86}},"17":{"start":{"line":42,"column":8},"end":{"line":44,"column":9}},"18":{"start":{"line":43,"column":12},"end":{"line":43,"column":57}},"19":{"start":{"line":45,"column":8},"end":{"line":47,"column":9}},"20":{"start":{"line":46,"column":12},"end":{"line":46,"column":74}},"21":{"start":{"line":49,"column":8},"end":{"line":49,"column":69}},"22":{"start":{"line":50,"column":8},"end":{"line":50,"column":75}},"23":{"start":{"line":52,"column":8},"end":{"line":52,"column":57}},"24":{"start":{"line":56,"column":37},"end":{"line":56,"column":86}},"25":{"start":{"line":58,"column":8},"end":{"line":60,"column":9}},"26":{"start":{"line":59,"column":12},"end":{"line":59,"column":57}},"27":{"start":{"line":62,"column":8},"end":{"line":62,"column":59}},"28":{"start":{"line":67,"column":0},"end":{"line":67,"column":47}}},"fnMap":{"0":{"name":"(anonymous_0)","decl":{"start":{"line":7,"column":4},"end":{"line":7,"column":5}},"loc":{"start":{"line":7,"column":48},"end":{"line":12,"column":5}},"line":7},"1":{"name":"(anonymous_1)","decl":{"start":{"line":14,"column":4},"end":{"line":14,"column":5}},"loc":{"start":{"line":14,"column":43},"end":{"line":19,"column":5}},"line":14},"2":{"name":"(anonymous_2)","decl":{"start":{"line":21,"column":4},"end":{"line":21,"column":5}},"loc":{"start":{"line":21,"column":75},"end":{"line":38,"column":5}},"line":21},"3":{"name":"(anonymous_3)","decl":{"start":{"line":40,"column":4},"end":{"line":40,"column":5}},"loc":{"start":{"line":40,"column":60},"end":{"line":53,"column":5}},"line":40},"4":{"name":"(anonymous_4)","decl":{"start":{"line":55,"column":4},"end":{"line":55,"column":5}},"loc":{"start":{"line":55,"column":46},"end":{"line":63,"column":5}},"line":55}},"branchMap":{"0":{"loc":{"start":{"line":22,"column":8},"end":{"line":32,"column":9}},"type":"if","locations":[{"start":{"line":22,"column":8},"end":{"line":32,"column":9}},{"start":{"line":24,"column":15},"end":{"line":32,"column":9}}],"line":22},"1":{"loc":{"start":{"line":24,"column":15},"end":{"line":32,"column":9}},"type":"if","locations":[{"start":{"line":24,"column":15},"end":{"line":32,"column":9}},{"start":{"line":26,"column":15},"end":{"line":32,"column":9}}],"line":24},"2":{"loc":{"start":{"line":26,"column":15},"end":{"line":32,"column":9}},"type":"if","locations":[{"start":{"line":26,"column":15},"end":{"line":32,"column":9}},{"start":{"line":28,"column":15},"end":{"line":32,"column":9}}],"line":26},"3":{"loc":{"start":{"line":26,"column":18},"end":{"line":26,"column":56}},"type":"binary-expr","locations":[{"start":{"line":26,"column":18},"end":{"line":26,"column":23}},{"start":{"line":26,"column":27},"end":{"line":26,"column":56}}],"line":26},"4":{"loc":{"start":{"line":28,"column":15},"end":{"line":32,"column":9}},"type":"if","locations":[{"start":{"line":28,"column":15},"end":{"line":32,"column":9}},{"start":{"line":30,"column":15},"end":{"line":32,"column":9}}],"line":28},"5":{"loc":{"start":{"line":30,"column":15},"end":{"line":32,"column":9}},"type":"if","locations":[{"start":{"line":30,"column":15},"end":{"line":32,"column":9}},{"start":{},"end":{}}],"line":30},"6":{"loc":{"start":{"line":42,"column":8},"end":{"line":44,"column":9}},"type":"if","locations":[{"start":{"line":42,"column":8},"end":{"line":44,"column":9}},{"start":{},"end":{}}],"line":42},"7":{"loc":{"start":{"line":45,"column":8},"end":{"line":47,"column":9}},"type":"if","locations":[{"start":{"line":45,"column":8},"end":{"line":47,"column":9}},{"start":{},"end":{}}],"line":45},"8":{"loc":{"start":{"line":45,"column":11},"end":{"line":45,"column":48}},"type":"binary-expr","locations":[{"start":{"line":45,"column":11},"end":{"line":45,"column":15}},{"start":{"line":45,"column":19},"end":{"line":45,"column":48}}],"line":45},"9":{"loc":{"start":{"line":49,"column":36},"end":{"line":49,"column":69}},"type":"binary-expr","locations":[{"start":{"line":49,"column":36},"end":{"line":49,"column":40}},{"start":{"line":49,"column":44},"end":{"line":49,"column":69}}],"line":49},"10":{"loc":{"start":{"line":50,"column":38},"end":{"line":50,"column":75}},"type":"binary-expr","locations":[{"start":{"line":50,"column":38},"end":{"line":50,"column":44}},{"start":{"line":50,"column":48},"end":{"line":50,"column":75}}],"line":50},"11":{"loc":{"start":{"line":58,"column":8},"end":{"line":60,"column":9}},"type":"if","locations":[{"start":{"line":58,"column":8},"end":{"line":60,"column":9}},{"start":{},"end":{}}],"line":58}},"s":{"0":2,"1":2,"2":2,"3":0,"4":0,"5":0,"6":0,"7":0,"8":0,"9":0,"10":0,"11":0,"12":0,"13":0,"14":0,"15":0,"16":0,"17":0,"18":0,"19":0,"20":0,"21":0,"22":0,"23":0,"24":0,"25":0,"26":0,"27":0,"28":2},"f":{"0":0,"1":0,"2":0,"3":0,"4":0},"b":{"0":[0,0],"1":[0,0],"2":[0,0],"3":[0,0],"4":[0,0],"5":[0,0],"6":[0,0],"7":[0,0],"8":[0,0],"9":[0,0],"10":[0,0],"11":[0,0]},"_coverageSchema":"1a1c01bbd47fc00a2c39e90264f33305004495a9","hash":"ecc14f649159274c39a39f8eb11bca3679a6efc0"}
,"C:\\Users\\jean.padilha\\Desktop\\ProvaRenan\\aula-base-teste-avaliacao-automacao\\src\\service\\organization.js": {"path":"C:\\Users\\jean.padilha\\Desktop\\ProvaRenan\\aula-base-teste-avaliacao-automacao\\src\\service\\organization.js","statementMap":{"0":{"start":{"line":1,"column":25},"end":{"line":1,"column":60}},"1":{"start":{"line":2,"column":26},"end":{"line":2,"column":58}},"2":{"start":{"line":3,"column":20},"end":{"line":3,"column":37}},"3":{"start":{"line":8,"column":8},"end":{"line":8,"column":62}},"4":{"start":{"line":12,"column":8},"end":{"line":20,"column":9}},"5":{"start":{"line":13,"column":12},"end":{"line":13,"column":58}},"6":{"start":{"line":14,"column":15},"end":{"line":20,"column":9}},"7":{"start":{"line":15,"column":12},"end":{"line":15,"column":62}},"8":{"start":{"line":16,"column":15},"end":{"line":20,"column":9}},"9":{"start":{"line":17,"column":12},"end":{"line":17,"column":62}},"10":{"start":{"line":18,"column":15},"end":{"line":20,"column":9}},"11":{"start":{"line":19,"column":12},"end":{"line":19,"column":59}},"12":{"start":{"line":21,"column":29},"end":{"line":24,"column":9}},"13":{"start":{"line":26,"column":25},"end":{"line":26,"column":43}},"14":{"start":{"line":27,"column":21},"end":{"line":34,"column":9}},"15":{"start":{"line":36,"column":8},"end":{"line":36,"column":71}},"16":{"start":{"line":40,"column":29},"end":{"line":40,"column":65}},"17":{"start":{"line":41,"column":8},"end":{"line":43,"column":9}},"18":{"start":{"line":42,"column":12},"end":{"line":42,"column":57}},"19":{"start":{"line":45,"column":8},"end":{"line":45,"column":53}},"20":{"start":{"line":46,"column":8},"end":{"line":46,"column":62}},"21":{"start":{"line":47,"column":8},"end":{"line":47,"column":56}},"22":{"start":{"line":48,"column":8},"end":{"line":48,"column":56}},"23":{"start":{"line":50,"column":8},"end":{"line":50,"column":49}},"24":{"start":{"line":54,"column":29},"end":{"line":54,"column":65}},"25":{"start":{"line":56,"column":8},"end":{"line":58,"column":9}},"26":{"start":{"line":57,"column":12},"end":{"line":57,"column":57}},"27":{"start":{"line":60,"column":8},"end":{"line":60,"column":45}},"28":{"start":{"line":65,"column":0},"end":{"line":65,"column":42}}},"fnMap":{"0":{"name":"(anonymous_0)","decl":{"start":{"line":7,"column":4},"end":{"line":7,"column":5}},"loc":{"start":{"line":7,"column":36},"end":{"line":9,"column":5}},"line":7},"1":{"name":"(anonymous_1)","decl":{"start":{"line":11,"column":4},"end":{"line":11,"column":5}},"loc":{"start":{"line":11,"column":59},"end":{"line":37,"column":5}},"line":11},"2":{"name":"(anonymous_2)","decl":{"start":{"line":39,"column":4},"end":{"line":39,"column":5}},"loc":{"start":{"line":39,"column":63},"end":{"line":51,"column":5}},"line":39},"3":{"name":"(anonymous_3)","decl":{"start":{"line":53,"column":4},"end":{"line":53,"column":5}},"loc":{"start":{"line":53,"column":34},"end":{"line":61,"column":5}},"line":53}},"branchMap":{"0":{"loc":{"start":{"line":12,"column":8},"end":{"line":20,"column":9}},"type":"if","locations":[{"start":{"line":12,"column":8},"end":{"line":20,"column":9}},{"start":{"line":14,"column":15},"end":{"line":20,"column":9}}],"line":12},"1":{"loc":{"start":{"line":14,"column":15},"end":{"line":20,"column":9}},"type":"if","locations":[{"start":{"line":14,"column":15},"end":{"line":20,"column":9}},{"start":{"line":16,"column":15},"end":{"line":20,"column":9}}],"line":14},"2":{"loc":{"start":{"line":16,"column":15},"end":{"line":20,"column":9}},"type":"if","locations":[{"start":{"line":16,"column":15},"end":{"line":20,"column":9}},{"start":{"line":18,"column":15},"end":{"line":20,"column":9}}],"line":16},"3":{"loc":{"start":{"line":18,"column":15},"end":{"line":20,"column":9}},"type":"if","locations":[{"start":{"line":18,"column":15},"end":{"line":20,"column":9}},{"start":{},"end":{}}],"line":18},"4":{"loc":{"start":{"line":41,"column":8},"end":{"line":43,"column":9}},"type":"if","locations":[{"start":{"line":41,"column":8},"end":{"line":43,"column":9}},{"start":{},"end":{}}],"line":41},"5":{"loc":{"start":{"line":45,"column":28},"end":{"line":45,"column":53}},"type":"binary-expr","locations":[{"start":{"line":45,"column":28},"end":{"line":45,"column":32}},{"start":{"line":45,"column":36},"end":{"line":45,"column":53}}],"line":45},"6":{"loc":{"start":{"line":46,"column":31},"end":{"line":46,"column":62}},"type":"binary-expr","locations":[{"start":{"line":46,"column":31},"end":{"line":46,"column":38}},{"start":{"line":46,"column":42},"end":{"line":46,"column":62}}],"line":46},"7":{"loc":{"start":{"line":47,"column":29},"end":{"line":47,"column":56}},"type":"binary-expr","locations":[{"start":{"line":47,"column":29},"end":{"line":47,"column":34}},{"start":{"line":47,"column":38},"end":{"line":47,"column":56}}],"line":47},"8":{"loc":{"start":{"line":48,"column":29},"end":{"line":48,"column":56}},"type":"binary-expr","locations":[{"start":{"line":48,"column":29},"end":{"line":48,"column":34}},{"start":{"line":48,"column":38},"end":{"line":48,"column":56}}],"line":48},"9":{"loc":{"start":{"line":56,"column":8},"end":{"line":58,"column":9}},"type":"if","locations":[{"start":{"line":56,"column":8},"end":{"line":58,"column":9}},{"start":{},"end":{}}],"line":56}},"s":{"0":2,"1":2,"2":2,"3":0,"4":0,"5":0,"6":0,"7":0,"8":0,"9":0,"10":0,"11":0,"12":0,"13":0,"14":0,"15":0,"16":0,"17":0,"18":0,"19":0,"20":0,"21":0,"22":0,"23":0,"24":0,"25":0,"26":0,"27":0,"28":2},"f":{"0":0,"1":0,"2":0,"3":0},"b":{"0":[0,0],"1":[0,0],"2":[0,0],"3":[0,0],"4":[0,0],"5":[0,0],"6":[0,0],"7":[0,0],"8":[0,0],"9":[0,0]},"_coverageSchema":"1a1c01bbd47fc00a2c39e90264f33305004495a9","hash":"a90a7eb00bef9cd1a4ca45728ca949aec296705c"}
,"C:\\Users\\jean.padilha\\Desktop\\ProvaRenan\\aula-base-teste-avaliacao-automacao\\src\\service\\product.js": {"path":"C:\\Users\\jean.padilha\\Desktop\\ProvaRenan\\aula-base-teste-avaliacao-automacao\\src\\service\\product.js","statementMap":{"0":{"start":{"line":1,"column":21},"end":{"line":1,"column":48}},"1":{"start":{"line":5,"column":8},"end":{"line":8,"column":9}},"2":{"start":{"line":12,"column":8},"end":{"line":15,"column":9}},"3":{"start":{"line":19,"column":8},"end":{"line":25,"column":9}},"4":{"start":{"line":20,"column":12},"end":{"line":20,"column":68}},"5":{"start":{"line":21,"column":15},"end":{"line":25,"column":9}},"6":{"start":{"line":22,"column":12},"end":{"line":22,"column":58}},"7":{"start":{"line":23,"column":15},"end":{"line":25,"column":9}},"8":{"start":{"line":24,"column":12},"end":{"line":24,"column":63}},"9":{"start":{"line":27,"column":8},"end":{"line":30,"column":9}},"10":{"start":{"line":34,"column":27},"end":{"line":34,"column":79}},"11":{"start":{"line":36,"column":8},"end":{"line":38,"column":9}},"12":{"start":{"line":37,"column":12},"end":{"line":37,"column":53}},"13":{"start":{"line":39,"column":8},"end":{"line":39,"column":49}},"14":{"start":{"line":40,"column":8},"end":{"line":40,"column":70}},"15":{"start":{"line":42,"column":8},"end":{"line":42,"column":47}},"16":{"start":{"line":46,"column":27},"end":{"line":46,"column":79}},"17":{"start":{"line":48,"column":8},"end":{"line":50,"column":9}},"18":{"start":{"line":49,"column":12},"end":{"line":49,"column":53}},"19":{"start":{"line":52,"column":8},"end":{"line":52,"column":49}},"20":{"start":{"line":57,"column":0},"end":{"line":57,"column":37}}},"fnMap":{"0":{"name":"(anonymous_0)","decl":{"start":{"line":4,"column":4},"end":{"line":4,"column":5}},"loc":{"start":{"line":4,"column":51},"end":{"line":9,"column":5}},"line":4},"1":{"name":"(anonymous_1)","decl":{"start":{"line":11,"column":4},"end":{"line":11,"column":5}},"loc":{"start":{"line":11,"column":46},"end":{"line":16,"column":5}},"line":11},"2":{"name":"(anonymous_2)","decl":{"start":{"line":18,"column":4},"end":{"line":18,"column":5}},"loc":{"start":{"line":18,"column":64},"end":{"line":31,"column":5}},"line":18},"3":{"name":"(anonymous_3)","decl":{"start":{"line":33,"column":4},"end":{"line":33,"column":5}},"loc":{"start":{"line":33,"column":68},"end":{"line":43,"column":5}},"line":33},"4":{"name":"(anonymous_4)","decl":{"start":{"line":45,"column":4},"end":{"line":45,"column":5}},"loc":{"start":{"line":45,"column":49},"end":{"line":53,"column":5}},"line":45}},"branchMap":{"0":{"loc":{"start":{"line":19,"column":8},"end":{"line":25,"column":9}},"type":"if","locations":[{"start":{"line":19,"column":8},"end":{"line":25,"column":9}},{"start":{"line":21,"column":15},"end":{"line":25,"column":9}}],"line":19},"1":{"loc":{"start":{"line":21,"column":15},"end":{"line":25,"column":9}},"type":"if","locations":[{"start":{"line":21,"column":15},"end":{"line":25,"column":9}},{"start":{"line":23,"column":15},"end":{"line":25,"column":9}}],"line":21},"2":{"loc":{"start":{"line":23,"column":15},"end":{"line":25,"column":9}},"type":"if","locations":[{"start":{"line":23,"column":15},"end":{"line":25,"column":9}},{"start":{},"end":{}}],"line":23},"3":{"loc":{"start":{"line":36,"column":8},"end":{"line":38,"column":9}},"type":"if","locations":[{"start":{"line":36,"column":8},"end":{"line":38,"column":9}},{"start":{},"end":{}}],"line":36},"4":{"loc":{"start":{"line":39,"column":26},"end":{"line":39,"column":49}},"type":"binary-expr","locations":[{"start":{"line":39,"column":26},"end":{"line":39,"column":30}},{"start":{"line":39,"column":34},"end":{"line":39,"column":49}}],"line":39},"5":{"loc":{"start":{"line":40,"column":33},"end":{"line":40,"column":70}},"type":"binary-expr","locations":[{"start":{"line":40,"column":33},"end":{"line":40,"column":44}},{"start":{"line":40,"column":48},"end":{"line":40,"column":70}}],"line":40},"6":{"loc":{"start":{"line":48,"column":8},"end":{"line":50,"column":9}},"type":"if","locations":[{"start":{"line":48,"column":8},"end":{"line":50,"column":9}},{"start":{},"end":{}}],"line":48}},"s":{"0":2,"1":0,"2":0,"3":0,"4":0,"5":0,"6":0,"7":0,"8":0,"9":0,"10":0,"11":0,"12":0,"13":0,"14":0,"15":0,"16":0,"17":0,"18":0,"19":0,"20":2},"f":{"0":0,"1":0,"2":0,"3":0,"4":0},"b":{"0":[0,0],"1":[0,0],"2":[0,0],"3":[0,0],"4":[0,0],"5":[0,0],"6":[0,0]},"_coverageSchema":"1a1c01bbd47fc00a2c39e90264f33305004495a9","hash":"99954e4bf2bb44f3945c8fbf69e3ab5e3938f42f"}
,"C:\\Users\\jean.padilha\\Desktop\\ProvaRenan\\aula-base-teste-avaliacao-automacao\\src\\service\\user.js": {"path":"C:\\Users\\jean.padilha\\Desktop\\ProvaRenan\\aula-base-teste-avaliacao-automacao\\src\\service\\user.js","statementMap":{"0":{"start":{"line":1,"column":0},"end":{"line":1,"column":26}},"1":{"start":{"line":2,"column":18},"end":{"line":2,"column":42}},"2":{"start":{"line":3,"column":15},"end":{"line":3,"column":32}},"3":{"start":{"line":4,"column":12},"end":{"line":4,"column":35}},"4":{"start":{"line":6,"column":14},"end":{"line":6,"column":35}},"5":{"start":{"line":7,"column":13},"end":{"line":7,"column":15}},"6":{"start":{"line":8,"column":18},"end":{"line":8,"column":40}},"7":{"start":{"line":12,"column":8},"end":{"line":14,"column":9}},"8":{"start":{"line":18,"column":8},"end":{"line":20,"column":9}},"9":{"start":{"line":24,"column":8},"end":{"line":34,"column":9}},"10":{"start":{"line":25,"column":12},"end":{"line":25,"column":59}},"11":{"start":{"line":26,"column":15},"end":{"line":34,"column":9}},"12":{"start":{"line":27,"column":12},"end":{"line":27,"column":52}},"13":{"start":{"line":28,"column":15},"end":{"line":34,"column":9}},"14":{"start":{"line":29,"column":12},"end":{"line":29,"column":53}},"15":{"start":{"line":30,"column":15},"end":{"line":34,"column":9}},"16":{"start":{"line":31,"column":12},"end":{"line":31,"column":53}},"17":{"start":{"line":32,"column":15},"end":{"line":34,"column":9}},"18":{"start":{"line":33,"column":12},"end":{"line":33,"column":70}},"19":{"start":{"line":36,"column":25},"end":{"line":36,"column":58}},"20":{"start":{"line":38,"column":8},"end":{"line":41,"column":9}},"21":{"start":{"line":45,"column":24},"end":{"line":45,"column":76}},"22":{"start":{"line":46,"column":8},"end":{"line":48,"column":9}},"23":{"start":{"line":47,"column":12},"end":{"line":47,"column":53}},"24":{"start":{"line":50,"column":8},"end":{"line":52,"column":9}},"25":{"start":{"line":51,"column":12},"end":{"line":51,"column":70}},"26":{"start":{"line":54,"column":8},"end":{"line":56,"column":9}},"27":{"start":{"line":55,"column":12},"end":{"line":55,"column":31}},"28":{"start":{"line":58,"column":8},"end":{"line":58,"column":43}},"29":{"start":{"line":59,"column":8},"end":{"line":59,"column":46}},"30":{"start":{"line":60,"column":8},"end":{"line":60,"column":90}},"31":{"start":{"line":62,"column":8},"end":{"line":62,"column":43}},"32":{"start":{"line":64,"column":8},"end":{"line":64,"column":22}},"33":{"start":{"line":68,"column":24},"end":{"line":68,"column":76}},"34":{"start":{"line":70,"column":8},"end":{"line":72,"column":9}},"35":{"start":{"line":71,"column":12},"end":{"line":71,"column":53}},"36":{"start":{"line":74,"column":8},"end":{"line":74,"column":40}},"37":{"start":{"line":78,"column":8},"end":{"line":80,"column":9}},"38":{"start":{"line":79,"column":12},"end":{"line":79,"column":59}},"39":{"start":{"line":82,"column":21},"end":{"line":85,"column":9}},"40":{"start":{"line":86,"column":8},"end":{"line":88,"column":9}},"41":{"start":{"line":87,"column":12},"end":{"line":87,"column":55}},"42":{"start":{"line":90,"column":23},"end":{"line":90,"column":68}},"43":{"start":{"line":92,"column":8},"end":{"line":98,"column":9}},"44":{"start":{"line":93,"column":12},"end":{"line":97,"column":50}},"45":{"start":{"line":100,"column":8},"end":{"line":100,"column":51}},"46":{"start":{"line":104,"column":8},"end":{"line":106,"column":9}},"47":{"start":{"line":110,"column":0},"end":{"line":110,"column":34}}},"fnMap":{"0":{"name":"(anonymous_0)","decl":{"start":{"line":11,"column":4},"end":{"line":11,"column":5}},"loc":{"start":{"line":11,"column":47},"end":{"line":15,"column":5}},"line":11},"1":{"name":"(anonymous_1)","decl":{"start":{"line":17,"column":4},"end":{"line":17,"column":5}},"loc":{"start":{"line":17,"column":51},"end":{"line":21,"column":5}},"line":17},"2":{"name":"(anonymous_2)","decl":{"start":{"line":23,"column":4},"end":{"line":23,"column":5}},"loc":{"start":{"line":23,"column":75},"end":{"line":42,"column":5}},"line":23},"3":{"name":"(anonymous_3)","decl":{"start":{"line":44,"column":4},"end":{"line":44,"column":5}},"loc":{"start":{"line":44,"column":79},"end":{"line":65,"column":5}},"line":44},"4":{"name":"(anonymous_4)","decl":{"start":{"line":67,"column":4},"end":{"line":67,"column":5}},"loc":{"start":{"line":67,"column":50},"end":{"line":75,"column":5}},"line":67},"5":{"name":"(anonymous_5)","decl":{"start":{"line":77,"column":4},"end":{"line":77,"column":5}},"loc":{"start":{"line":77,"column":46},"end":{"line":101,"column":5}},"line":77},"6":{"name":"(anonymous_6)","decl":{"start":{"line":103,"column":4},"end":{"line":103,"column":5}},"loc":{"start":{"line":103,"column":40},"end":{"line":107,"column":5}},"line":103}},"branchMap":{"0":{"loc":{"start":{"line":24,"column":8},"end":{"line":34,"column":9}},"type":"if","locations":[{"start":{"line":24,"column":8},"end":{"line":34,"column":9}},{"start":{"line":26,"column":15},"end":{"line":34,"column":9}}],"line":24},"1":{"loc":{"start":{"line":26,"column":15},"end":{"line":34,"column":9}},"type":"if","locations":[{"start":{"line":26,"column":15},"end":{"line":34,"column":9}},{"start":{"line":28,"column":15},"end":{"line":34,"column":9}}],"line":26},"2":{"loc":{"start":{"line":28,"column":15},"end":{"line":34,"column":9}},"type":"if","locations":[{"start":{"line":28,"column":15},"end":{"line":34,"column":9}},{"start":{"line":30,"column":15},"end":{"line":34,"column":9}}],"line":28},"3":{"loc":{"start":{"line":30,"column":15},"end":{"line":34,"column":9}},"type":"if","locations":[{"start":{"line":30,"column":15},"end":{"line":34,"column":9}},{"start":{"line":32,"column":15},"end":{"line":34,"column":9}}],"line":30},"4":{"loc":{"start":{"line":32,"column":15},"end":{"line":34,"column":9}},"type":"if","locations":[{"start":{"line":32,"column":15},"end":{"line":34,"column":9}},{"start":{},"end":{}}],"line":32},"5":{"loc":{"start":{"line":32,"column":18},"end":{"line":32,"column":48}},"type":"binary-expr","locations":[{"start":{"line":32,"column":18},"end":{"line":32,"column":23}},{"start":{"line":32,"column":27},"end":{"line":32,"column":48}}],"line":32},"6":{"loc":{"start":{"line":46,"column":8},"end":{"line":48,"column":9}},"type":"if","locations":[{"start":{"line":46,"column":8},"end":{"line":48,"column":9}},{"start":{},"end":{}}],"line":46},"7":{"loc":{"start":{"line":50,"column":8},"end":{"line":52,"column":9}},"type":"if","locations":[{"start":{"line":50,"column":8},"end":{"line":52,"column":9}},{"start":{},"end":{}}],"line":50},"8":{"loc":{"start":{"line":50,"column":11},"end":{"line":50,"column":40}},"type":"binary-expr","locations":[{"start":{"line":50,"column":11},"end":{"line":50,"column":15}},{"start":{"line":50,"column":19},"end":{"line":50,"column":40}}],"line":50},"9":{"loc":{"start":{"line":54,"column":8},"end":{"line":56,"column":9}},"type":"if","locations":[{"start":{"line":54,"column":8},"end":{"line":56,"column":9}},{"start":{},"end":{}}],"line":54},"10":{"loc":{"start":{"line":54,"column":11},"end":{"line":54,"column":43}},"type":"binary-expr","locations":[{"start":{"line":54,"column":11},"end":{"line":54,"column":15}},{"start":{"line":54,"column":19},"end":{"line":54,"column":43}}],"line":54},"11":{"loc":{"start":{"line":58,"column":23},"end":{"line":58,"column":43}},"type":"binary-expr","locations":[{"start":{"line":58,"column":23},"end":{"line":58,"column":27}},{"start":{"line":58,"column":31},"end":{"line":58,"column":43}}],"line":58},"12":{"loc":{"start":{"line":59,"column":24},"end":{"line":59,"column":46}},"type":"binary-expr","locations":[{"start":{"line":59,"column":24},"end":{"line":59,"column":29}},{"start":{"line":59,"column":33},"end":{"line":59,"column":46}}],"line":59},"13":{"loc":{"start":{"line":60,"column":27},"end":{"line":60,"column":90}},"type":"cond-expr","locations":[{"start":{"line":60,"column":38},"end":{"line":60,"column":71}},{"start":{"line":60,"column":74},"end":{"line":60,"column":90}}],"line":60},"14":{"loc":{"start":{"line":70,"column":8},"end":{"line":72,"column":9}},"type":"if","locations":[{"start":{"line":70,"column":8},"end":{"line":72,"column":9}},{"start":{},"end":{}}],"line":70},"15":{"loc":{"start":{"line":78,"column":8},"end":{"line":80,"column":9}},"type":"if","locations":[{"start":{"line":78,"column":8},"end":{"line":80,"column":9}},{"start":{},"end":{}}],"line":78},"16":{"loc":{"start":{"line":78,"column":11},"end":{"line":78,"column":30}},"type":"binary-expr","locations":[{"start":{"line":78,"column":11},"end":{"line":78,"column":17}},{"start":{"line":78,"column":21},"end":{"line":78,"column":30}}],"line":78},"17":{"loc":{"start":{"line":86,"column":8},"end":{"line":88,"column":9}},"type":"if","locations":[{"start":{"line":86,"column":8},"end":{"line":88,"column":9}},{"start":{},"end":{}}],"line":86},"18":{"loc":{"start":{"line":92,"column":8},"end":{"line":98,"column":9}},"type":"if","locations":[{"start":{"line":92,"column":8},"end":{"line":98,"column":9}},{"start":{},"end":{}}],"line":92}},"s":{"0":2,"1":2,"2":2,"3":2,"4":2,"5":2,"6":2,"7":0,"8":0,"9":0,"10":0,"11":0,"12":0,"13":0,"14":0,"15":0,"16":0,"17":0,"18":0,"19":0,"20":0,"21":0,"22":0,"23":0,"24":0,"25":0,"26":0,"27":0,"28":0,"29":0,"30":0,"31":0,"32":0,"33":0,"34":0,"35":0,"36":0,"37":0,"38":0,"39":0,"40":0,"41":0,"42":0,"43":0,"44":0,"45":0,"46":0,"47":2},"f":{"0":0,"1":0,"2":0,"3":0,"4":0,"5":0,"6":0},"b":{"0":[0,0],"1":[0,0],"2":[0,0],"3":[0,0],"4":[0,0],"5":[0,0],"6":[0,0],"7":[0,0],"8":[0,0],"9":[0,0],"10":[0,0],"11":[0,0],"12":[0,0],"13":[0,0],"14":[0,0],"15":[0,0],"16":[0,0],"17":[0,0],"18":[0,0]},"_coverageSchema":"1a1c01bbd47fc00a2c39e90264f33305004495a9","hash":"1949c8f9819940b41bd3011fa885f6a14805dbe6"}
}
